<?xml version="1.0" encoding="UTF-8"?>
<!-- Generated by org.testng.reporters.JUnitReportReporter -->
<testsuite skipped="0" hostname="LAPTOP-D4G96PPV" name="testcases.TC004_BuyProduct" tests="2" failures="0" timestamp="2020-09-16T21:00:29 EDT" time="14.508" errors="0">
  <testcase name="login" time="2.610" classname="testcases.TC004_BuyProduct"/>
  <system-out/>
  <testcase name="buyProducts" time="11.898" classname="testcases.TC004_BuyProduct"/>
  <system-out/>
</testsuite> <!-- testcases.TC004_BuyProduct -->
