<?xml version="1.0" encoding="UTF-8"?>
<!-- Generated by org.testng.reporters.JUnitReportReporter -->
<testsuite skipped="0" hostname="LAPTOP-D4G96PPV" name="testcases.TC001_Registration" tests="2" failures="0" timestamp="2020-09-24T22:42:17 EDT" time="18.835" errors="0">
  <testcase name="register" time="15.650" classname="testcases.TC001_Registration"/>
  <system-out/>
  <testcase name="logout" time="3.185" classname="testcases.TC001_Registration"/>
  <system-out/>
</testsuite> <!-- testcases.TC001_Registration -->
