<?xml version="1.0" encoding="UTF-8"?>
<!-- Generated by org.testng.reporters.JUnitReportReporter -->
<testsuite skipped="0" hostname="LAPTOP-D4G96PPV" name="testcases.TC002_VerifyLogin" tests="6" failures="0" timestamp="2020-09-18T22:43:11 EDT" time="26.717" errors="0">
  <testcase name="VerifyLogin" time="4.889" classname="testcases.TC002_VerifyLogin"/>
  <system-out/>
  <testcase name="VerifyLogin" time="4.755" classname="testcases.TC002_VerifyLogin"/>
  <system-out/>
  <testcase name="VerifyLogin" time="4.878" classname="testcases.TC002_VerifyLogin"/>
  <system-out/>
  <testcase name="VerifyLogin" time="3.776" classname="testcases.TC002_VerifyLogin"/>
  <system-out/>
  <testcase name="VerifyLogin" time="4.907" classname="testcases.TC002_VerifyLogin"/>
  <system-out/>
  <testcase name="VerifyLogin" time="3.512" classname="testcases.TC002_VerifyLogin"/>
  <system-out/>
</testsuite> <!-- testcases.TC002_VerifyLogin -->
