<?xml version="1.0" encoding="UTF-8"?>
<!-- Generated by org.testng.reporters.JUnitReportReporter -->
<testsuite skipped="0" hostname="LAPTOP-D4G96PPV" name="testcases.TC003_SearchProduct" tests="1" failures="0" timestamp="2020-09-17T12:04:51 EDT" time="3.886" errors="0">
  <testcase name="searchProduct" time="3.886" classname="testcases.TC003_SearchProduct"/>
  <system-out/>
</testsuite> <!-- testcases.TC003_SearchProduct -->
