<?xml version="1.0" encoding="UTF-8"?>
<!-- Generated by org.testng.reporters.JUnitReportReporter -->
<testsuite skipped="0" hostname="LAPTOP-D4G96PPV" name="testcases.TC030_Account" tests="1" failures="0" timestamp="2020-09-22T00:27:53 EDT" time="36.742" errors="0">
  <testcase name="wishList" time="36.742" classname="testcases.TC030_Account"/>
  <system-out/>
</testsuite> <!-- testcases.TC030_Account -->
