<?xml version="1.0" encoding="UTF-8"?>
<!-- Generated by org.testng.reporters.JUnitReportReporter -->
<testsuite skipped="0" hostname="LAPTOP-D4G96PPV" name="testcases.TC010_Contact" tests="1" failures="0" timestamp="2020-09-24T17:02:52 EDT" time="6.378" errors="0">
  <testcase name="fileUpload" time="6.378" classname="testcases.TC010_Contact"/>
  <system-out/>
</testsuite> <!-- testcases.TC010_Contact -->
