<?xml version="1.0" encoding="UTF-8"?>
<!-- Generated by org.testng.reporters.JUnitReportReporter -->
<testsuite skipped="0" hostname="LAPTOP-D4G96PPV" name="testcases.TC005_Invoice" tests="2" failures="0" timestamp="2020-09-12T12:20:16 EDT" time="13.792" errors="0">
  <testcase name="login" time="2.683" classname="testcases.TC005_Invoice"/>
  <system-out/>
  <testcase name="invoice" time="11.109" classname="testcases.TC005_Invoice"/>
  <system-out/>
</testsuite> <!-- testcases.TC005_Invoice -->
