<?xml version="1.0" encoding="UTF-8"?>
<!-- Generated by org.testng.reporters.JUnitReportReporter -->
<testsuite skipped="0" hostname="LAPTOP-D4G96PPV" name="testcases.Contact" tests="1" failures="0" timestamp="2020-09-22T17:56:25 EDT" time="26.429" errors="0">
  <testcase name="fileUpload" time="26.429" classname="testcases.Contact"/>
  <system-out/>
</testsuite> <!-- testcases.Contact -->
