<?xml version="1.0" encoding="UTF-8"?>
<!-- Generated by org.testng.reporters.JUnitReportReporter -->
<testsuite skipped="0" hostname="LAPTOP-D4G96PPV" name="testcases.TC004_BuyProduct" tests="2" failures="0" timestamp="2020-09-12T12:57:05 EDT" time="26.230" errors="0">
  <testcase name="login" time="2.633" classname="testcases.TC004_BuyProduct"/>
  <system-out/>
  <testcase name="buyProducts" time="23.597" classname="testcases.TC004_BuyProduct"/>
  <system-out/>
</testsuite> <!-- testcases.TC004_BuyProduct -->
