<?xml version="1.0" encoding="UTF-8"?>
<!-- Generated by org.testng.reporters.JUnitReportReporter -->
<testsuite skipped="0" hostname="LAPTOP-D4G96PPV" name="testcases.TC008_MyPersonalInformation" tests="4" failures="0" timestamp="2020-09-24T22:30:09 EDT" time="11.142" errors="0">
  <testcase name="login" time="3.036" classname="testcases.TC008_MyPersonalInformation"/>
  <system-out/>
  <testcase name="myInformation" time="3.745" classname="testcases.TC008_MyPersonalInformation"/>
  <system-out/>
  <testcase name="reverseLogin" time="2.821" classname="testcases.TC008_MyPersonalInformation"/>
  <system-out/>
  <testcase name="reverseMyInformation" time="1.540" classname="testcases.TC008_MyPersonalInformation"/>
  <system-out/>
</testsuite> <!-- testcases.TC008_MyPersonalInformation -->
