<?xml version="1.0" encoding="UTF-8"?>
<!-- Generated by org.testng.reporters.JUnitReportReporter -->
<testsuite skipped="0" hostname="LAPTOP-D4G96PPV" name="smoke.TC003_SearchProduct" tests="1" failures="0" timestamp="2020-09-17T17:24:55 EDT" time="10.060" errors="0">
  <testcase name="searchProduct" time="10.060" classname="smoke.TC003_SearchProduct"/>
  <system-out/>
</testsuite> <!-- smoke.TC003_SearchProduct -->
