<?xml version="1.0" encoding="UTF-8"?>
<!-- Generated by org.testng.reporters.JUnitReportReporter -->
<testsuite skipped="0" hostname="LAPTOP-D4G96PPV" name="smoke.TC005_Invoice" tests="2" failures="0" timestamp="2020-09-17T17:24:55 EDT" time="9.087" errors="0">
  <testcase name="login" time="3.118" classname="smoke.TC005_Invoice"/>
  <system-out/>
  <testcase name="invoice" time="5.969" classname="smoke.TC005_Invoice"/>
  <system-out/>
</testsuite> <!-- smoke.TC005_Invoice -->
