<?xml version="1.0" encoding="UTF-8"?>
<!-- Generated by org.testng.reporters.JUnitReportReporter -->
<testsuite skipped="0" hostname="LAPTOP-D4G96PPV" name="smoke.TC005_Invoice" tests="2" failures="0" timestamp="2020-09-16T16:45:03 EDT" time="9.133" errors="0">
  <testcase name="login" time="3.151" classname="smoke.TC005_Invoice"/>
  <system-out/>
  <testcase name="invoice" time="5.982" classname="smoke.TC005_Invoice"/>
  <system-out/>
</testsuite> <!-- smoke.TC005_Invoice -->
