<?xml version="1.0" encoding="UTF-8"?>
<!-- Generated by org.testng.reporters.JUnitReportReporter -->
<testsuite skipped="0" hostname="LAPTOP-D4G96PPV" name="utilities.ExcelDataProvider" tests="6" failures="0" timestamp="2020-09-11T12:08:42 EDT" time="41.663" errors="0">
  <testcase name="VerifyLogin" time="12.692" classname="utilities.ExcelDataProvider"/>
  <system-out/>
  <testcase name="VerifyLogin" time="5.925" classname="utilities.ExcelDataProvider"/>
  <system-out/>
  <testcase name="VerifyLogin" time="5.408" classname="utilities.ExcelDataProvider"/>
  <system-out/>
  <testcase name="VerifyLogin" time="6.461" classname="utilities.ExcelDataProvider"/>
  <system-out/>
  <testcase name="VerifyLogin" time="5.817" classname="utilities.ExcelDataProvider"/>
  <system-out/>
  <testcase name="VerifyLogin" time="5.360" classname="utilities.ExcelDataProvider"/>
  <system-out/>
</testsuite> <!-- utilities.ExcelDataProvider -->
