<?xml version="1.0" encoding="UTF-8"?>
<!-- Generated by org.testng.reporters.JUnitReportReporter -->
<testsuite skipped="0" hostname="LAPTOP-D4G96PPV" name="testcases.TC009_Wishlist" tests="2" failures="0" timestamp="2020-09-25T01:57:13 EDT" time="16.139" errors="0">
  <testcase name="login" time="3.283" classname="testcases.TC009_Wishlist"/>
  <system-out/>
  <testcase name="wishList" time="12.856" classname="testcases.TC009_Wishlist"/>
  <system-out/>
</testsuite> <!-- testcases.TC009_Wishlist -->
