<?xml version="1.0" encoding="UTF-8"?>
<!-- Generated by org.testng.reporters.JUnitReportReporter -->
<testsuite skipped="0" hostname="LAPTOP-D4G96PPV" name="testcases.TC002_SearchProduct" tests="1" failures="0" timestamp="2020-09-25T16:29:26 EDT" time="3.943" errors="0">
  <testcase name="searchProduct" time="3.943" classname="testcases.TC002_SearchProduct"/>
  <system-out/>
</testsuite> <!-- testcases.TC002_SearchProduct -->
