<?xml version="1.0" encoding="UTF-8"?>
<!-- Generated by org.testng.reporters.JUnitReportReporter -->
<testsuite skipped="0" hostname="LAPTOP-D4G96PPV" name="testcases.TC005_BuyProduct" tests="2" failures="0" timestamp="2020-09-24T19:09:51 EDT" time="26.504" errors="0">
  <testcase name="login" time="6.939" classname="testcases.TC005_BuyProduct"/>
  <system-out/>
  <testcase name="buyProducts" time="19.565" classname="testcases.TC005_BuyProduct"/>
  <system-out/>
</testsuite> <!-- testcases.TC005_BuyProduct -->
