<?xml version="1.0" encoding="UTF-8"?>
<!-- Generated by org.testng.reporters.JUnitReportReporter -->
<testsuite skipped="0" hostname="LAPTOP-D4G96PPV" name="testcases.TC008_MyPersonalInformation" tests="4" failures="0" timestamp="2020-09-25T16:29:26 EDT" time="14.399" errors="0">
  <testcase name="login" time="3.555" classname="testcases.TC008_MyPersonalInformation"/>
  <system-out/>
  <testcase name="myInformation" time="5.472" classname="testcases.TC008_MyPersonalInformation"/>
  <system-out/>
  <testcase name="reverseLogin" time="3.715" classname="testcases.TC008_MyPersonalInformation"/>
  <system-out/>
  <testcase name="reverseMyInformation" time="1.657" classname="testcases.TC008_MyPersonalInformation"/>
  <system-out/>
</testsuite> <!-- testcases.TC008_MyPersonalInformation -->
