<?xml version="1.0" encoding="UTF-8"?>
<!-- Generated by org.testng.reporters.JUnitReportReporter -->
<testsuite skipped="0" hostname="LAPTOP-D4G96PPV" name="utilities.ExcelDataProvider" tests="6" failures="0" timestamp="2020-09-18T20:19:45 EDT" time="0.007" errors="0">
  <testcase name="testLogin" time="0.000" classname="utilities.ExcelDataProvider"/>
  <system-out/>
  <testcase name="testLogin" time="0.001" classname="utilities.ExcelDataProvider"/>
  <system-out/>
  <testcase name="testLogin" time="0.005" classname="utilities.ExcelDataProvider"/>
  <system-out/>
  <testcase name="testLogin" time="0.000" classname="utilities.ExcelDataProvider"/>
  <system-out/>
  <testcase name="testLogin" time="0.001" classname="utilities.ExcelDataProvider"/>
  <system-out/>
  <testcase name="testLogin" time="0.000" classname="utilities.ExcelDataProvider"/>
  <system-out/>
</testsuite> <!-- utilities.ExcelDataProvider -->
