<?xml version="1.0" encoding="UTF-8"?>
<!-- Generated by org.testng.reporters.JUnitReportReporter -->
<testsuite skipped="0" hostname="LAPTOP-D4G96PPV" name="sanity.TC002_SearchProduct" tests="1" failures="0" timestamp="2020-09-25T15:00:59 EDT" time="5.043" errors="0">
  <testcase name="searchProduct" time="5.043" classname="sanity.TC002_SearchProduct"/>
  <system-out/>
</testsuite> <!-- sanity.TC002_SearchProduct -->
