<?xml version="1.0" encoding="UTF-8"?>
<!-- Generated by org.testng.reporters.JUnitReportReporter -->
<testsuite skipped="0" hostname="LAPTOP-D4G96PPV" name="testcases.TC007_MyAddresses" tests="4" failures="0" timestamp="2020-09-25T02:08:19 EDT" time="15.595" errors="0">
  <testcase name="login" time="4.597" classname="testcases.TC007_MyAddresses"/>
  <system-out/>
  <testcase name="UpdateAddress" time="4.578" classname="testcases.TC007_MyAddresses"/>
  <system-out/>
  <testcase name="addNewAddress" time="4.498" classname="testcases.TC007_MyAddresses"/>
  <system-out/>
  <testcase name="delNewAddress" time="1.922" classname="testcases.TC007_MyAddresses"/>
  <system-out/>
</testsuite> <!-- testcases.TC007_MyAddresses -->
