<?xml version="1.0" encoding="UTF-8"?>
<!-- Generated by org.testng.reporters.JUnitReportReporter -->
<testsuite skipped="0" hostname="LAPTOP-D4G96PPV" name="testcases.TC007_MyAddresses" tests="4" failures="0" timestamp="2020-09-24T21:57:29 EDT" time="13.905" errors="0">
  <testcase name="login" time="3.412" classname="testcases.TC007_MyAddresses"/>
  <system-out/>
  <testcase name="UpdateAddress" time="4.922" classname="testcases.TC007_MyAddresses"/>
  <system-out/>
  <testcase name="addNewAddress" time="4.626" classname="testcases.TC007_MyAddresses"/>
  <system-out/>
  <testcase name="delNewAddress" time="0.945" classname="testcases.TC007_MyAddresses"/>
  <system-out/>
</testsuite> <!-- testcases.TC007_MyAddresses -->
