<?xml version="1.0" encoding="UTF-8"?>
<!-- Generated by org.testng.reporters.JUnitReportReporter -->
<testsuite skipped="0" hostname="LAPTOP-D4G96PPV" name="testcases.TC003_Catalog" tests="1" failures="0" timestamp="2020-09-24T18:36:33 EDT" time="4.839" errors="0">
  <testcase name="catalogTest" time="4.839" classname="testcases.TC003_Catalog"/>
  <system-out/>
</testsuite> <!-- testcases.TC003_Catalog -->
