<?xml version="1.0" encoding="UTF-8"?>
<!-- Generated by org.testng.reporters.JUnitReportReporter -->
<testsuite skipped="0" hostname="LAPTOP-D4G96PPV" name="testcases.TC002_VerifyLogin" tests="6" failures="0" timestamp="2020-09-12T12:57:05 EDT" time="39.490" errors="0">
  <testcase name="VerifyLogin" time="4.953" classname="testcases.TC002_VerifyLogin"/>
  <system-out/>
  <testcase name="VerifyLogin" time="6.754" classname="testcases.TC002_VerifyLogin"/>
  <system-out/>
  <testcase name="VerifyLogin" time="8.753" classname="testcases.TC002_VerifyLogin"/>
  <system-out/>
  <testcase name="VerifyLogin" time="4.913" classname="testcases.TC002_VerifyLogin"/>
  <system-out/>
  <testcase name="VerifyLogin" time="6.841" classname="testcases.TC002_VerifyLogin"/>
  <system-out/>
  <testcase name="VerifyLogin" time="7.276" classname="testcases.TC002_VerifyLogin"/>
  <system-out/>
</testsuite> <!-- testcases.TC002_VerifyLogin -->
