<?xml version="1.0" encoding="UTF-8"?>
<!-- Generated by org.testng.reporters.JUnitReportReporter -->
<testsuite skipped="0" hostname="LAPTOP-D4G96PPV" name="regression.TC002_VerifyLogin" tests="6" failures="0" timestamp="2020-09-16T16:16:09 EDT" time="34.930" errors="0">
  <testcase name="VerifyLogin" time="5.519" classname="regression.TC002_VerifyLogin"/>
  <system-out/>
  <testcase name="VerifyLogin" time="5.733" classname="regression.TC002_VerifyLogin"/>
  <system-out/>
  <testcase name="VerifyLogin" time="6.185" classname="regression.TC002_VerifyLogin"/>
  <system-out/>
  <testcase name="VerifyLogin" time="6.583" classname="regression.TC002_VerifyLogin"/>
  <system-out/>
  <testcase name="VerifyLogin" time="5.420" classname="regression.TC002_VerifyLogin"/>
  <system-out/>
  <testcase name="VerifyLogin" time="5.490" classname="regression.TC002_VerifyLogin"/>
  <system-out/>
</testsuite> <!-- regression.TC002_VerifyLogin -->
