<?xml version="1.0" encoding="UTF-8"?>
<!-- Generated by org.testng.reporters.JUnitReportReporter -->
<testsuite skipped="0" hostname="LAPTOP-D4G96PPV" name="testcases.TC006_OrderHistory" tests="2" failures="0" timestamp="2020-09-24T19:18:25 EDT" time="11.467" errors="0">
  <testcase name="login" time="4.192" classname="testcases.TC006_OrderHistory"/>
  <system-out/>
  <testcase name="invoice" time="7.275" classname="testcases.TC006_OrderHistory"/>
  <system-out/>
</testsuite> <!-- testcases.TC006_OrderHistory -->
