<?xml version="1.0" encoding="UTF-8"?>
<!-- Generated by org.testng.reporters.JUnitReportReporter -->
<testsuite skipped="0" hostname="LAPTOP-D4G96PPV" name="sanity.TC003_Catalog" tests="1" failures="0" timestamp="2020-09-25T15:16:48 EDT" time="8.138" errors="0">
  <testcase name="catalogTest" time="8.138" classname="sanity.TC003_Catalog"/>
  <system-out/>
</testsuite> <!-- sanity.TC003_Catalog -->
