<?xml version="1.0" encoding="UTF-8"?>
<!-- Generated by org.testng.reporters.JUnitReportReporter -->
<testsuite skipped="0" hostname="LAPTOP-D4G96PPV" name="testcases.TC009_Wishlist" tests="2" failures="0" timestamp="2020-09-24T16:18:10 EDT" time="17.777" errors="0">
  <testcase name="login" time="3.900" classname="testcases.TC009_Wishlist"/>
  <system-out/>
  <testcase name="wishList" time="13.877" classname="testcases.TC009_Wishlist"/>
  <system-out/>
</testsuite> <!-- testcases.TC009_Wishlist -->
