<?xml version="1.0" encoding="UTF-8"?>
<!-- Generated by org.testng.reporters.JUnitReportReporter -->
<testsuite skipped="0" hostname="LAPTOP-D4G96PPV" name="testcases.TC001_Registration" tests="2" failures="0" timestamp="2020-09-16T11:50:54 EDT" time="13.528" errors="0">
  <testcase name="register" time="9.622" classname="testcases.TC001_Registration"/>
  <system-out/>
  <testcase name="logout" time="3.906" classname="testcases.TC001_Registration"/>
  <system-out/>
</testsuite> <!-- testcases.TC001_Registration -->
