<?xml version="1.0" encoding="UTF-8"?>
<!-- Generated by org.testng.reporters.JUnitReportReporter -->
<testsuite skipped="0" hostname="LAPTOP-D4G96PPV" name="regression.TC004_BuyProduct" tests="2" failures="0" timestamp="2020-09-16T16:16:09 EDT" time="12.955" errors="0">
  <testcase name="login" time="2.020" classname="regression.TC004_BuyProduct"/>
  <system-out/>
  <testcase name="buyProducts" time="10.935" classname="regression.TC004_BuyProduct"/>
  <system-out/>
</testsuite> <!-- regression.TC004_BuyProduct -->
