<?xml version="1.0" encoding="UTF-8"?>
<!-- Generated by org.testng.reporters.JUnitReportReporter -->
<testsuite skipped="0" hostname="LAPTOP-D4G96PPV" name="testcases.TC006_OrderHistory" tests="2" failures="0" timestamp="2020-09-25T16:29:26 EDT" time="9.340" errors="0">
  <testcase name="login" time="3.340" classname="testcases.TC006_OrderHistory"/>
  <system-out/>
  <testcase name="invoice" time="6.000" classname="testcases.TC006_OrderHistory"/>
  <system-out/>
</testsuite> <!-- testcases.TC006_OrderHistory -->
