<?xml version="1.0" encoding="UTF-8"?>
<!-- Generated by org.testng.reporters.JUnitReportReporter -->
<testsuite skipped="0" hostname="LAPTOP-D4G96PPV" name="regression.TC010_Contact" tests="1" failures="0" timestamp="2020-09-25T02:03:56 EDT" time="5.546" errors="0">
  <testcase name="fileUpload" time="5.546" classname="regression.TC010_Contact"/>
  <system-out/>
</testsuite> <!-- regression.TC010_Contact -->
