<?xml version="1.0" encoding="UTF-8"?>
<!-- Generated by org.testng.reporters.JUnitReportReporter -->
<testsuite skipped="0" hostname="LAPTOP-D4G96PPV" name="testcases.TC010_Contact" tests="1" failures="0" timestamp="2020-09-25T01:58:37 EDT" time="8.611" errors="0">
  <testcase name="fileUpload" time="8.611" classname="testcases.TC010_Contact"/>
  <system-out/>
</testsuite> <!-- testcases.TC010_Contact -->
