<?xml version="1.0" encoding="UTF-8"?>
<!-- Generated by org.testng.reporters.JUnitReportReporter -->
<testsuite skipped="0" hostname="LAPTOP-D4G96PPV" name="testcases.TC003_SearchProduct" tests="1" failures="0" timestamp="12 9ì›” 2020 18:16:41 GMT" time="12.268" errors="0">
  <testcase name="searchProduct" time="12.268" classname="testcases.TC003_SearchProduct"/>
</testsuite> <!-- testcases.TC003_SearchProduct -->
